2021-02-17 13:25:25,934 CRITICAL client_log_config.py Критическая ошибка
2021-02-17 13:25:25,935 ERROR client_log_config.py Ошибка
2021-02-17 13:25:25,935 DEBUG client_log_config.py Отладочная информация
2021-02-17 13:25:25,935 INFO client_log_config.py Информационное сообщение
2021-02-17 13:28:53,687 CRITICAL client_log_config.py Критическая ошибка
2021-02-17 13:28:53,687 ERROR client_log_config.py Ошибка
2021-02-17 13:28:53,687 DEBUG client_log_config.py Отладочная информация
2021-02-17 13:28:53,687 INFO client_log_config.py Информационное сообщение
2021-02-17 13:31:56,220 INFO client.py Создание сообщения для отправки на сервер
2021-02-17 13:31:56,220 INFO client.py Отправка сообщения серверу
2021-02-17 13:32:31,734 INFO client.py Создание сообщения для отправки на сервер
2021-02-17 13:32:31,734 INFO client.py Отправка сообщения серверу
2021-02-17 13:32:34,455 INFO client.py Создание сообщения для отправки на сервер
2021-02-17 13:32:34,455 INFO client.py Отправка сообщения серверу
2021-02-17 13:34:22,083 INFO client.py Создание сообщения для отправки на сервер
2021-02-17 13:34:22,083 INFO client.py Отправка сообщения серверу
2021-02-17 13:34:22,084 INFO client.py Обработка сообщения от сервера
2021-02-17 13:34:22,084 INFO client.py Успешная обработка сообщения от сервера
2021-02-17 13:34:22,084 DEBUG client.py Ответ от сервера: {'response': 200}
2021-02-17 13:34:22,084 INFO client.py Обработанный ответ сервера: 200: OK
2021-02-17 13:34:27,567 INFO client.py Создание сообщения для отправки на сервер
2021-02-17 13:34:27,567 INFO client.py Отправка сообщения серверу
2021-02-17 13:34:27,567 INFO client.py Обработка сообщения от сервера
2021-02-17 13:34:27,567 INFO client.py Успешная обработка сообщения от сервера
2021-02-17 13:34:27,567 DEBUG client.py Ответ от сервера: {'response': 200}
2021-02-17 13:34:27,567 INFO client.py Обработанный ответ сервера: 200: OK
2021-02-17 13:57:12,435 INFO client.py Создание сообщения для отправки на сервер
2021-02-17 13:57:12,436 INFO client.py Отправка сообщения серверу
2021-02-17 13:57:12,436 INFO client.py Обработка сообщения от сервера
2021-02-17 13:57:12,436 INFO client.py Успешная обработка сообщения от сервера
2021-02-17 13:57:12,436 DEBUG client.py Ответ от сервера: {'response': 200}
2021-02-17 13:57:12,436 INFO client.py Обработанный ответ сервера: 200: OK
2021-02-17 13:57:22,092 INFO client.py Создание сообщения для отправки на сервер
2021-02-17 13:57:22,092 INFO client.py Отправка сообщения серверу
2021-02-17 13:57:22,093 INFO client.py Обработка сообщения от сервера
2021-02-17 13:57:22,093 INFO client.py Успешная обработка сообщения от сервера
2021-02-17 13:57:22,093 DEBUG client.py Ответ от сервера: {'response': 200}
2021-02-17 13:57:22,093 INFO client.py Обработанный ответ сервера: 200: OK
